<?xml version="1.0" encoding="UTF-8"?>
<testsuite name="com.example.management.member.MemberServiceTest" tests="1" skipped="0" failures="0" errors="0" timestamp="2023-06-28T09:43:21" hostname="minjiwon-ui-MacBookPro.local" time="0.031">
  <properties/>
  <testcase name="멤버 가입 테스트" classname="com.example.management.member.MemberServiceTest" time="0.031"/>
  <system-out><![CDATA[]]></system-out>
  <system-err><![CDATA[]]></system-err>
</testsuite>
