<?xml version="1.0" encoding="UTF-8"?>
<testsuite name="com.example.demo.member.MemberServiceTest" tests="1" skipped="0" failures="0" errors="0" timestamp="2023-06-27T13:16:53" hostname="minjiwon-ui-MacBookPro.local" time="0.058">
  <properties/>
  <testcase name="멤버 가입 테스트" classname="com.example.demo.member.MemberServiceTest" time="0.058"/>
  <system-out><![CDATA[]]></system-out>
  <system-err><![CDATA[]]></system-err>
</testsuite>
